OpenJDK 64-Bit Server VM warning: Option UseConcMarkSweepGC was deprecated in version 9.0 and will likely be removed in a future release.
2022-12-28 16:36:27,137 [   1065]   WARN - llij.ide.plugins.PluginManager - Resource bundle redefinition for plugin 'com.jetbrains.pycharm.community.customization'. Old value: messages.ActionsBundle, new value: messages.PyBundle 
2022-12-28 16:36:29,841 [   3769]   WARN - nSystem.impl.ActionManagerImpl - keymap "Visual Studio" not found [Plugin: com.intellij] 
2022-12-28 16:36:29,844 [   3772]   WARN - nSystem.impl.ActionManagerImpl - keymap "Eclipse" not found [Plugin: com.intellij] 
2022-12-28 16:36:29,844 [   3772]   WARN - nSystem.impl.ActionManagerImpl - keymap "NetBeans 6.5" not found [Plugin: com.intellij] 
2022-12-28 16:36:29,844 [   3772]   WARN - nSystem.impl.ActionManagerImpl - keymap "Visual Studio" not found [Plugin: com.intellij] 
2022-12-28 16:36:29,973 [   3901]   WARN - nSystem.impl.ActionManagerImpl - keymap "Eclipse" not found [Plugin: org.jetbrains.plugins.github] 
2022-12-28 16:36:30,074 [   4002]   WARN - nSystem.impl.ActionManagerImpl - keymap "Eclipse" not found [Plugin: PythonCore] 
2022-12-28 16:36:30,075 [   4003]   WARN - nSystem.impl.ActionManagerImpl - keymap "NetBeans 6.5" not found [Plugin: PythonCore] 
2022-12-28 16:36:38,597 [  12525]   WARN - pl.local.NativeFileWatcherImpl - The current <b>inotify</b>(7) watch limit is too low. <a href="https://confluence.jetbrains.com/display/IDEADEV/Inotify+Watches+Limit">More details.</a> 
2022-12-28 16:36:38,599 [  12527]   WARN - api.vfs.impl.local.FileWatcher - The current <b>inotify</b>(7) watch limit is too low. <a href="https://confluence.jetbrains.com/display/IDEADEV/Inotify+Watches+Limit">More details.</a> 
2022-12-28 16:37:16,346 [  50274]   WARN - ernallyAddedFilesProcessorImpl - Cannot find project config directory for non-default and non-directory based project server 
2022-12-28 16:37:16,392 [  50320]   WARN - a.repo.GitUntrackedFilesHolder - Ignoring untracked file under another root: /home/saber/project/my_ml_service/backend/server/server/__pycache__/__init__.cpython-37.pyc; root: file:///home/saber/project/my_ml_service; mapped root: null 
2022-12-28 16:37:16,392 [  50320]   WARN - a.repo.GitUntrackedFilesHolder - Ignoring untracked file under another root: /home/saber/project/my_ml_service/backend/server/server/__pycache__/settings.cpython-37.pyc; root: file:///home/saber/project/my_ml_service; mapped root: null 
2022-12-28 16:37:16,392 [  50320]   WARN - a.repo.GitUntrackedFilesHolder - Ignoring untracked file under another root: /home/saber/project/my_ml_service/backend/server/server/__pycache__/urls.cpython-37.pyc; root: file:///home/saber/project/my_ml_service; mapped root: null 
2022-12-28 16:37:16,392 [  50320]   WARN - a.repo.GitUntrackedFilesHolder - Ignoring untracked file under another root: /home/saber/project/my_ml_service/backend/server/server/__pycache__/wsgi.cpython-37.pyc; root: file:///home/saber/project/my_ml_service; mapped root: null 
2022-12-28 16:37:29,833 [  63761]   WARN - on.packaging.PyPackagesUpdater - connect timed out 
2022-12-28 16:37:37,012 [  70940]   WARN - ernallyAddedFilesProcessorImpl - Cannot find project config directory for non-default and non-directory based project server 
2022-12-28 16:37:37,874 [  71802]   WARN - a.repo.GitUntrackedFilesHolder - Ignoring untracked file under another root: /home/saber/project/my_ml_service/backend/server/server/__pycache__/__init__.cpython-37.pyc; root: file:///home/saber/project/my_ml_service; mapped root: null 
2022-12-28 16:37:37,875 [  71803]   WARN - a.repo.GitUntrackedFilesHolder - Ignoring untracked file under another root: /home/saber/project/my_ml_service/backend/server/server/__pycache__/settings.cpython-37.pyc; root: file:///home/saber/project/my_ml_service; mapped root: null 
2022-12-28 16:37:37,875 [  71803]   WARN - a.repo.GitUntrackedFilesHolder - Ignoring untracked file under another root: /home/saber/project/my_ml_service/backend/server/server/__pycache__/urls.cpython-37.pyc; root: file:///home/saber/project/my_ml_service; mapped root: null 
2022-12-28 16:37:37,875 [  71803]   WARN - a.repo.GitUntrackedFilesHolder - Ignoring untracked file under another root: /home/saber/project/my_ml_service/backend/server/server/__pycache__/wsgi.cpython-37.pyc; root: file:///home/saber/project/my_ml_service; mapped root: null 
2022-12-28 16:38:18,436 [ 112364]   WARN - on.packaging.PyPackagesUpdater - Read timed out 
2022-12-28 16:50:38,424 [ 852352]   WARN - ystem.impl.ActionPopupMenuImpl - 1595ms to fill popup menu ProjectViewPopup 
2022-12-28 16:51:09,407 [ 883335]   WARN - a.repo.GitUntrackedFilesHolder - Ignoring untracked file under another root: /home/saber/project/my_ml_service/backend/server/apps/endpoints/migrations/__pycache__/__init__.cpython-37.pyc; root: file:///home/saber/project/my_ml_service; mapped root: null 
2022-12-28 16:51:09,407 [ 883335]   WARN - a.repo.GitUntrackedFilesHolder - Ignoring untracked file under another root: /home/saber/project/my_ml_service/backend/server/apps/endpoints/__pycache__/__init__.cpython-37.pyc; root: file:///home/saber/project/my_ml_service; mapped root: null 
2022-12-28 16:51:09,407 [ 883335]   WARN - a.repo.GitUntrackedFilesHolder - Ignoring untracked file under another root: /home/saber/project/my_ml_service/backend/server/server/__pycache__/urls.cpython-37.pyc; root: file:///home/saber/project/my_ml_service; mapped root: null 
2022-12-28 16:51:09,407 [ 883335]   WARN - a.repo.GitUntrackedFilesHolder - Ignoring untracked file under another root: /home/saber/project/my_ml_service/backend/server/server/__pycache__/wsgi.cpython-37.pyc; root: file:///home/saber/project/my_ml_service; mapped root: null 
2022-12-28 16:51:09,407 [ 883335]   WARN - a.repo.GitUntrackedFilesHolder - Ignoring untracked file under another root: /home/saber/project/my_ml_service/backend/server/apps/endpoints/__pycache__/models.cpython-37.pyc; root: file:///home/saber/project/my_ml_service; mapped root: null 
2022-12-28 16:51:09,407 [ 883335]   WARN - a.repo.GitUntrackedFilesHolder - Ignoring untracked file under another root: /home/saber/project/my_ml_service/backend/server/apps/endpoints/migrations/__pycache__/0001_initial.cpython-37.pyc; root: file:///home/saber/project/my_ml_service; mapped root: null 
2022-12-28 16:51:09,407 [ 883335]   WARN - a.repo.GitUntrackedFilesHolder - Ignoring untracked file under another root: /home/saber/project/my_ml_service/backend/server/apps/endpoints/__pycache__/admin.cpython-37.pyc; root: file:///home/saber/project/my_ml_service; mapped root: null 
2022-12-28 16:51:09,407 [ 883335]   WARN - a.repo.GitUntrackedFilesHolder - Ignoring untracked file under another root: /home/saber/project/my_ml_service/backend/server/server/__pycache__/__init__.cpython-37.pyc; root: file:///home/saber/project/my_ml_service; mapped root: null 
2022-12-28 16:51:09,407 [ 883335]   WARN - a.repo.GitUntrackedFilesHolder - Ignoring untracked file under another root: /home/saber/project/my_ml_service/backend/server/server/__pycache__/settings.cpython-37.pyc; root: file:///home/saber/project/my_ml_service; mapped root: null 
2022-12-28 17:16:09,118 [2383046]   WARN - a.repo.GitUntrackedFilesHolder - Ignoring untracked file under another root: /home/saber/project/my_ml_service/backend/server/apps/endpoints/migrations/__pycache__/__init__.cpython-37.pyc; root: file:///home/saber/project/my_ml_service; mapped root: null 
2022-12-28 17:16:09,118 [2383046]   WARN - a.repo.GitUntrackedFilesHolder - Ignoring untracked file under another root: /home/saber/project/my_ml_service/backend/server/apps/endpoints/__pycache__/__init__.cpython-37.pyc; root: file:///home/saber/project/my_ml_service; mapped root: null 
2022-12-28 17:16:09,118 [2383046]   WARN - a.repo.GitUntrackedFilesHolder - Ignoring untracked file under another root: /home/saber/project/my_ml_service/backend/server/server/__pycache__/urls.cpython-37.pyc; root: file:///home/saber/project/my_ml_service; mapped root: null 
2022-12-28 17:16:09,118 [2383046]   WARN - a.repo.GitUntrackedFilesHolder - Ignoring untracked file under another root: /home/saber/project/my_ml_service/backend/server/server/__pycache__/wsgi.cpython-37.pyc; root: file:///home/saber/project/my_ml_service; mapped root: null 
2022-12-28 17:16:09,118 [2383046]   WARN - a.repo.GitUntrackedFilesHolder - Ignoring untracked file under another root: /home/saber/project/my_ml_service/backend/server/apps/endpoints/__pycache__/models.cpython-37.pyc; root: file:///home/saber/project/my_ml_service; mapped root: null 
2022-12-28 17:16:09,119 [2383047]   WARN - a.repo.GitUntrackedFilesHolder - Ignoring untracked file under another root: /home/saber/project/my_ml_service/backend/server/apps/endpoints/migrations/__pycache__/0001_initial.cpython-37.pyc; root: file:///home/saber/project/my_ml_service; mapped root: null 
2022-12-28 17:16:09,119 [2383047]   WARN - a.repo.GitUntrackedFilesHolder - Ignoring untracked file under another root: /home/saber/project/my_ml_service/backend/server/apps/endpoints/__pycache__/admin.cpython-37.pyc; root: file:///home/saber/project/my_ml_service; mapped root: null 
2022-12-28 17:16:09,119 [2383047]   WARN - a.repo.GitUntrackedFilesHolder - Ignoring untracked file under another root: /home/saber/project/my_ml_service/backend/server/server/__pycache__/__init__.cpython-37.pyc; root: file:///home/saber/project/my_ml_service; mapped root: null 
2022-12-28 17:16:09,119 [2383047]   WARN - a.repo.GitUntrackedFilesHolder - Ignoring untracked file under another root: /home/saber/project/my_ml_service/backend/server/server/__pycache__/settings.cpython-37.pyc; root: file:///home/saber/project/my_ml_service; mapped root: null 
