OpenJDK 64-Bit Server VM warning: Option UseConcMarkSweepGC was deprecated in version 9.0 and will likely be removed in a future release.
2022-12-29 08:49:33,560 [   1453]   WARN - llij.ide.plugins.PluginManager - Resource bundle redefinition for plugin 'com.jetbrains.pycharm.community.customization'. Old value: messages.ActionsBundle, new value: messages.PyBundle 
2022-12-29 08:49:38,248 [   6141]   WARN - nSystem.impl.ActionManagerImpl - keymap "Visual Studio" not found [Plugin: com.intellij] 
2022-12-29 08:49:38,255 [   6148]   WARN - nSystem.impl.ActionManagerImpl - keymap "Eclipse" not found [Plugin: com.intellij] 
2022-12-29 08:49:38,256 [   6149]   WARN - nSystem.impl.ActionManagerImpl - keymap "NetBeans 6.5" not found [Plugin: com.intellij] 
2022-12-29 08:49:38,256 [   6149]   WARN - nSystem.impl.ActionManagerImpl - keymap "Visual Studio" not found [Plugin: com.intellij] 
2022-12-29 08:49:38,428 [   6321]   WARN - nSystem.impl.ActionManagerImpl - keymap "Eclipse" not found [Plugin: org.jetbrains.plugins.github] 
2022-12-29 08:49:38,474 [   6367]   WARN - nSystem.impl.ActionManagerImpl - keymap "Eclipse" not found [Plugin: PythonCore] 
2022-12-29 08:49:38,474 [   6367]   WARN - nSystem.impl.ActionManagerImpl - keymap "NetBeans 6.5" not found [Plugin: PythonCore] 
2022-12-29 08:49:49,943 [  17836]   WARN - a.repo.GitUntrackedFilesHolder - Ignoring untracked file under another root: /home/saber/project/my_ml_service/backend/server/apps/endpoints/migrations/__pycache__/__init__.cpython-37.pyc; root: file:///home/saber/project/my_ml_service; mapped root: null 
2022-12-29 08:49:49,944 [  17837]   WARN - a.repo.GitUntrackedFilesHolder - Ignoring untracked file under another root: /home/saber/project/my_ml_service/backend/server/apps/endpoints/__pycache__/apps.cpython-37.pyc; root: file:///home/saber/project/my_ml_service; mapped root: null 
2022-12-29 08:49:49,944 [  17837]   WARN - a.repo.GitUntrackedFilesHolder - Ignoring untracked file under another root: /home/saber/project/my_ml_service/backend/server/apps/endpoints/__pycache__/__init__.cpython-37.pyc; root: file:///home/saber/project/my_ml_service; mapped root: null 
2022-12-29 08:49:49,944 [  17837]   WARN - a.repo.GitUntrackedFilesHolder - Ignoring untracked file under another root: /home/saber/project/my_ml_service/backend/server/server/__pycache__/urls.cpython-37.pyc; root: file:///home/saber/project/my_ml_service; mapped root: null 
2022-12-29 08:49:49,945 [  17838]   WARN - a.repo.GitUntrackedFilesHolder - Ignoring untracked file under another root: /home/saber/project/my_ml_service/backend/server/server/__pycache__/wsgi.cpython-37.pyc; root: file:///home/saber/project/my_ml_service; mapped root: null 
2022-12-29 08:49:49,945 [  17838]   WARN - a.repo.GitUntrackedFilesHolder - Ignoring untracked file under another root: /home/saber/project/my_ml_service/backend/server/apps/endpoints/__pycache__/models.cpython-37.pyc; root: file:///home/saber/project/my_ml_service; mapped root: null 
2022-12-29 08:49:49,945 [  17838]   WARN - a.repo.GitUntrackedFilesHolder - Ignoring untracked file under another root: /home/saber/project/my_ml_service/backend/server/apps/endpoints/migrations/__pycache__/0001_initial.cpython-37.pyc; root: file:///home/saber/project/my_ml_service; mapped root: null 
2022-12-29 08:49:49,945 [  17838]   WARN - a.repo.GitUntrackedFilesHolder - Ignoring untracked file under another root: /home/saber/project/my_ml_service/backend/server/apps/endpoints/__pycache__/admin.cpython-37.pyc; root: file:///home/saber/project/my_ml_service; mapped root: null 
2022-12-29 08:49:49,946 [  17839]   WARN - a.repo.GitUntrackedFilesHolder - Ignoring untracked file under another root: /home/saber/project/my_ml_service/backend/server/server/__pycache__/__init__.cpython-37.pyc; root: file:///home/saber/project/my_ml_service; mapped root: null 
2022-12-29 08:49:49,946 [  17839]   WARN - a.repo.GitUntrackedFilesHolder - Ignoring untracked file under another root: /home/saber/project/my_ml_service/backend/server/server/__pycache__/settings.cpython-37.pyc; root: file:///home/saber/project/my_ml_service; mapped root: null 
2022-12-29 08:49:49,946 [  17839]   WARN - a.repo.GitUntrackedFilesHolder - Ignoring untracked file under another root: /home/saber/project/my_ml_service/backend/server/apps/endpoints/__pycache__/views.cpython-37.pyc; root: file:///home/saber/project/my_ml_service; mapped root: null 
2022-12-29 08:50:54,220 [  82113]   WARN - a.repo.GitUntrackedFilesHolder - Ignoring untracked file under another root: /home/saber/project/my_ml_service/backend/server/apps/endpoints/migrations/__pycache__/__init__.cpython-37.pyc; root: file:///home/saber/project/my_ml_service; mapped root: null 
2022-12-29 08:50:54,227 [  82120]   WARN - a.repo.GitUntrackedFilesHolder - Ignoring untracked file under another root: /home/saber/project/my_ml_service/backend/server/apps/endpoints/__pycache__/apps.cpython-37.pyc; root: file:///home/saber/project/my_ml_service; mapped root: null 
2022-12-29 08:50:54,227 [  82120]   WARN - a.repo.GitUntrackedFilesHolder - Ignoring untracked file under another root: /home/saber/project/my_ml_service/backend/server/apps/endpoints/__pycache__/__init__.cpython-37.pyc; root: file:///home/saber/project/my_ml_service; mapped root: null 
2022-12-29 08:50:54,227 [  82120]   WARN - a.repo.GitUntrackedFilesHolder - Ignoring untracked file under another root: /home/saber/project/my_ml_service/backend/server/server/__pycache__/urls.cpython-37.pyc; root: file:///home/saber/project/my_ml_service; mapped root: null 
2022-12-29 08:50:54,227 [  82120]   WARN - a.repo.GitUntrackedFilesHolder - Ignoring untracked file under another root: /home/saber/project/my_ml_service/backend/server/server/__pycache__/wsgi.cpython-37.pyc; root: file:///home/saber/project/my_ml_service; mapped root: null 
2022-12-29 08:50:54,228 [  82121]   WARN - a.repo.GitUntrackedFilesHolder - Ignoring untracked file under another root: /home/saber/project/my_ml_service/backend/server/apps/endpoints/__pycache__/models.cpython-37.pyc; root: file:///home/saber/project/my_ml_service; mapped root: null 
2022-12-29 08:50:54,228 [  82121]   WARN - a.repo.GitUntrackedFilesHolder - Ignoring untracked file under another root: /home/saber/project/my_ml_service/backend/server/apps/endpoints/migrations/__pycache__/0001_initial.cpython-37.pyc; root: file:///home/saber/project/my_ml_service; mapped root: null 
2022-12-29 08:50:54,228 [  82121]   WARN - a.repo.GitUntrackedFilesHolder - Ignoring untracked file under another root: /home/saber/project/my_ml_service/backend/server/apps/endpoints/__pycache__/admin.cpython-37.pyc; root: file:///home/saber/project/my_ml_service; mapped root: null 
2022-12-29 08:50:54,228 [  82121]   WARN - a.repo.GitUntrackedFilesHolder - Ignoring untracked file under another root: /home/saber/project/my_ml_service/backend/server/server/__pycache__/__init__.cpython-37.pyc; root: file:///home/saber/project/my_ml_service; mapped root: null 
2022-12-29 08:50:54,228 [  82121]   WARN - a.repo.GitUntrackedFilesHolder - Ignoring untracked file under another root: /home/saber/project/my_ml_service/backend/server/server/__pycache__/settings.cpython-37.pyc; root: file:///home/saber/project/my_ml_service; mapped root: null 
2022-12-29 08:50:54,228 [  82121]   WARN - a.repo.GitUntrackedFilesHolder - Ignoring untracked file under another root: /home/saber/project/my_ml_service/backend/server/apps/endpoints/__pycache__/views.cpython-37.pyc; root: file:///home/saber/project/my_ml_service; mapped root: null 
2022-12-29 08:51:33,480 [ 121373]   WARN - ystem.impl.ActionPopupMenuImpl - 1606ms to fill popup menu EditorPopup 
OpenJDK 64-Bit Server VM warning: Option UseConcMarkSweepGC was deprecated in version 9.0 and will likely be removed in a future release.
2022-12-29 09:25:41,886 [   1054]   WARN - llij.ide.plugins.PluginManager - Resource bundle redefinition for plugin 'com.jetbrains.pycharm.community.customization'. Old value: messages.ActionsBundle, new value: messages.PyBundle 
2022-12-29 09:25:45,028 [   4196]   WARN - nSystem.impl.ActionManagerImpl - keymap "Visual Studio" not found [Plugin: com.intellij] 
2022-12-29 09:25:45,032 [   4200]   WARN - nSystem.impl.ActionManagerImpl - keymap "Eclipse" not found [Plugin: com.intellij] 
2022-12-29 09:25:45,032 [   4200]   WARN - nSystem.impl.ActionManagerImpl - keymap "NetBeans 6.5" not found [Plugin: com.intellij] 
2022-12-29 09:25:45,032 [   4200]   WARN - nSystem.impl.ActionManagerImpl - keymap "Visual Studio" not found [Plugin: com.intellij] 
2022-12-29 09:25:45,157 [   4325]   WARN - nSystem.impl.ActionManagerImpl - keymap "Eclipse" not found [Plugin: org.jetbrains.plugins.github] 
2022-12-29 09:25:45,199 [   4367]   WARN - nSystem.impl.ActionManagerImpl - keymap "Eclipse" not found [Plugin: PythonCore] 
2022-12-29 09:25:45,199 [   4367]   WARN - nSystem.impl.ActionManagerImpl - keymap "NetBeans 6.5" not found [Plugin: PythonCore] 
2022-12-29 09:25:56,124 [  15292]   WARN - a.repo.GitUntrackedFilesHolder - Ignoring untracked file under another root: /home/saber/project/my_ml_service/backend/server/apps/endpoints/migrations/__pycache__/__init__.cpython-37.pyc; root: file:///home/saber/project/my_ml_service; mapped root: null 
2022-12-29 09:25:56,124 [  15292]   WARN - a.repo.GitUntrackedFilesHolder - Ignoring untracked file under another root: /home/saber/project/my_ml_service/backend/server/apps/endpoints/__pycache__/apps.cpython-37.pyc; root: file:///home/saber/project/my_ml_service; mapped root: null 
2022-12-29 09:25:56,124 [  15292]   WARN - a.repo.GitUntrackedFilesHolder - Ignoring untracked file under another root: /home/saber/project/my_ml_service/backend/server/apps/endpoints/__pycache__/urls.cpython-37.pyc; root: file:///home/saber/project/my_ml_service; mapped root: null 
2022-12-29 09:25:56,124 [  15292]   WARN - a.repo.GitUntrackedFilesHolder - Ignoring untracked file under another root: /home/saber/project/my_ml_service/backend/server/apps/endpoints/__pycache__/__init__.cpython-37.pyc; root: file:///home/saber/project/my_ml_service; mapped root: null 
2022-12-29 09:25:56,125 [  15293]   WARN - a.repo.GitUntrackedFilesHolder - Ignoring untracked file under another root: /home/saber/project/my_ml_service/backend/server/server/__pycache__/urls.cpython-37.pyc; root: file:///home/saber/project/my_ml_service; mapped root: null 
2022-12-29 09:25:56,125 [  15293]   WARN - a.repo.GitUntrackedFilesHolder - Ignoring untracked file under another root: /home/saber/project/my_ml_service/backend/server/server/__pycache__/wsgi.cpython-37.pyc; root: file:///home/saber/project/my_ml_service; mapped root: null 
2022-12-29 09:25:56,125 [  15293]   WARN - a.repo.GitUntrackedFilesHolder - Ignoring untracked file under another root: /home/saber/project/my_ml_service/backend/server/apps/endpoints/__pycache__/models.cpython-37.pyc; root: file:///home/saber/project/my_ml_service; mapped root: null 
2022-12-29 09:25:56,125 [  15293]   WARN - a.repo.GitUntrackedFilesHolder - Ignoring untracked file under another root: /home/saber/project/my_ml_service/backend/server/apps/endpoints/migrations/__pycache__/0001_initial.cpython-37.pyc; root: file:///home/saber/project/my_ml_service; mapped root: null 
2022-12-29 09:25:56,125 [  15293]   WARN - a.repo.GitUntrackedFilesHolder - Ignoring untracked file under another root: /home/saber/project/my_ml_service/backend/server/apps/endpoints/__pycache__/admin.cpython-37.pyc; root: file:///home/saber/project/my_ml_service; mapped root: null 
2022-12-29 09:25:56,126 [  15294]   WARN - a.repo.GitUntrackedFilesHolder - Ignoring untracked file under another root: /home/saber/project/my_ml_service/backend/server/server/__pycache__/__init__.cpython-37.pyc; root: file:///home/saber/project/my_ml_service; mapped root: null 
2022-12-29 09:25:56,126 [  15294]   WARN - a.repo.GitUntrackedFilesHolder - Ignoring untracked file under another root: /home/saber/project/my_ml_service/backend/server/server/__pycache__/settings.cpython-37.pyc; root: file:///home/saber/project/my_ml_service; mapped root: null 
2022-12-29 09:25:56,126 [  15294]   WARN - a.repo.GitUntrackedFilesHolder - Ignoring untracked file under another root: /home/saber/project/my_ml_service/backend/server/apps/endpoints/__pycache__/serializers.cpython-37.pyc; root: file:///home/saber/project/my_ml_service; mapped root: null 
2022-12-29 09:25:56,126 [  15294]   WARN - a.repo.GitUntrackedFilesHolder - Ignoring untracked file under another root: /home/saber/project/my_ml_service/backend/server/apps/endpoints/__pycache__/views.cpython-37.pyc; root: file:///home/saber/project/my_ml_service; mapped root: null 
2022-12-29 09:38:58,908 [ 798076]   WARN - ystem.impl.ActionPopupMenuImpl - 1600ms to fill popup menu ProjectViewPopup 
2022-12-29 09:39:30,321 [ 829489]   WARN - a.repo.GitUntrackedFilesHolder - Ignoring untracked file under another root: /home/saber/project/my_ml_service/backend/server/apps/endpoints/migrations/__pycache__/__init__.cpython-37.pyc; root: file:///home/saber/project/my_ml_service; mapped root: null 
2022-12-29 09:39:30,331 [ 829499]   WARN - a.repo.GitUntrackedFilesHolder - Ignoring untracked file under another root: /home/saber/project/my_ml_service/backend/server/apps/endpoints/__pycache__/apps.cpython-37.pyc; root: file:///home/saber/project/my_ml_service; mapped root: null 
2022-12-29 09:39:30,331 [ 829499]   WARN - a.repo.GitUntrackedFilesHolder - Ignoring untracked file under another root: /home/saber/project/my_ml_service/backend/server/apps/endpoints/__pycache__/urls.cpython-37.pyc; root: file:///home/saber/project/my_ml_service; mapped root: null 
2022-12-29 09:39:30,331 [ 829499]   WARN - a.repo.GitUntrackedFilesHolder - Ignoring untracked file under another root: /home/saber/project/my_ml_service/backend/server/apps/endpoints/__pycache__/__init__.cpython-37.pyc; root: file:///home/saber/project/my_ml_service; mapped root: null 
2022-12-29 09:39:30,331 [ 829499]   WARN - a.repo.GitUntrackedFilesHolder - Ignoring untracked file under another root: /home/saber/project/my_ml_service/backend/server/server/__pycache__/urls.cpython-37.pyc; root: file:///home/saber/project/my_ml_service; mapped root: null 
2022-12-29 09:39:30,331 [ 829499]   WARN - a.repo.GitUntrackedFilesHolder - Ignoring untracked file under another root: /home/saber/project/my_ml_service/backend/server/server/__pycache__/wsgi.cpython-37.pyc; root: file:///home/saber/project/my_ml_service; mapped root: null 
2022-12-29 09:39:30,331 [ 829499]   WARN - a.repo.GitUntrackedFilesHolder - Ignoring untracked file under another root: /home/saber/project/my_ml_service/backend/server/apps/endpoints/__pycache__/models.cpython-37.pyc; root: file:///home/saber/project/my_ml_service; mapped root: null 
2022-12-29 09:39:30,331 [ 829499]   WARN - a.repo.GitUntrackedFilesHolder - Ignoring untracked file under another root: /home/saber/project/my_ml_service/backend/server/apps/endpoints/migrations/__pycache__/0001_initial.cpython-37.pyc; root: file:///home/saber/project/my_ml_service; mapped root: null 
2022-12-29 09:39:30,331 [ 829499]   WARN - a.repo.GitUntrackedFilesHolder - Ignoring untracked file under another root: /home/saber/project/my_ml_service/backend/server/apps/endpoints/__pycache__/admin.cpython-37.pyc; root: file:///home/saber/project/my_ml_service; mapped root: null 
2022-12-29 09:39:30,331 [ 829499]   WARN - a.repo.GitUntrackedFilesHolder - Ignoring untracked file under another root: /home/saber/project/my_ml_service/backend/server/server/__pycache__/__init__.cpython-37.pyc; root: file:///home/saber/project/my_ml_service; mapped root: null 
2022-12-29 09:39:30,331 [ 829499]   WARN - a.repo.GitUntrackedFilesHolder - Ignoring untracked file under another root: /home/saber/project/my_ml_service/backend/server/server/__pycache__/settings.cpython-37.pyc; root: file:///home/saber/project/my_ml_service; mapped root: null 
2022-12-29 09:39:30,332 [ 829500]   WARN - a.repo.GitUntrackedFilesHolder - Ignoring untracked file under another root: /home/saber/project/my_ml_service/backend/server/apps/endpoints/__pycache__/serializers.cpython-37.pyc; root: file:///home/saber/project/my_ml_service; mapped root: null 
2022-12-29 09:39:30,332 [ 829500]   WARN - a.repo.GitUntrackedFilesHolder - Ignoring untracked file under another root: /home/saber/project/my_ml_service/backend/server/apps/endpoints/__pycache__/views.cpython-37.pyc; root: file:///home/saber/project/my_ml_service; mapped root: null 
2022-12-29 09:51:41,258 [1560426]   WARN - a.repo.GitUntrackedFilesHolder - Ignoring untracked file under another root: /home/saber/project/my_ml_service/backend/server/server/__pycache__/__init__.cpython-37.pyc; root: file:///home/saber/project/my_ml_service; mapped root: null 
2022-12-29 09:51:41,258 [1560426]   WARN - a.repo.GitUntrackedFilesHolder - Ignoring untracked file under another root: /home/saber/project/my_ml_service/backend/server/server/__pycache__/settings.cpython-37.pyc; root: file:///home/saber/project/my_ml_service; mapped root: null 
2022-12-29 09:51:41,258 [1560426]   WARN - a.repo.GitUntrackedFilesHolder - Ignoring untracked file under another root: /home/saber/project/my_ml_service/backend/server/server/__pycache__/urls.cpython-37.pyc; root: file:///home/saber/project/my_ml_service; mapped root: null 
2022-12-29 09:51:41,258 [1560426]   WARN - a.repo.GitUntrackedFilesHolder - Ignoring untracked file under another root: /home/saber/project/my_ml_service/backend/server/server/__pycache__/wsgi.cpython-37.pyc; root: file:///home/saber/project/my_ml_service; mapped root: null 
2022-12-29 09:57:27,919 [1907087]   WARN - a.repo.GitUntrackedFilesHolder - Ignoring untracked file under another root: /home/saber/project/my_ml_service/backend/server/server/__pycache__/__init__.cpython-37.pyc; root: file:///home/saber/project/my_ml_service; mapped root: null 
2022-12-29 09:57:27,919 [1907087]   WARN - a.repo.GitUntrackedFilesHolder - Ignoring untracked file under another root: /home/saber/project/my_ml_service/backend/server/server/__pycache__/settings.cpython-37.pyc; root: file:///home/saber/project/my_ml_service; mapped root: null 
2022-12-29 09:57:27,919 [1907087]   WARN - a.repo.GitUntrackedFilesHolder - Ignoring untracked file under another root: /home/saber/project/my_ml_service/backend/server/server/__pycache__/urls.cpython-37.pyc; root: file:///home/saber/project/my_ml_service; mapped root: null 
2022-12-29 09:57:27,919 [1907087]   WARN - a.repo.GitUntrackedFilesHolder - Ignoring untracked file under another root: /home/saber/project/my_ml_service/backend/server/server/__pycache__/wsgi.cpython-37.pyc; root: file:///home/saber/project/my_ml_service; mapped root: null 
2022-12-29 09:58:10,866 [1950034]   WARN - a.repo.GitUntrackedFilesHolder - Ignoring untracked file under another root: /home/saber/project/my_ml_service/backend/server/server/__pycache__/__init__.cpython-37.pyc; root: file:///home/saber/project/my_ml_service; mapped root: null 
2022-12-29 09:58:10,866 [1950034]   WARN - a.repo.GitUntrackedFilesHolder - Ignoring untracked file under another root: /home/saber/project/my_ml_service/backend/server/server/__pycache__/settings.cpython-37.pyc; root: file:///home/saber/project/my_ml_service; mapped root: null 
2022-12-29 09:58:10,866 [1950034]   WARN - a.repo.GitUntrackedFilesHolder - Ignoring untracked file under another root: /home/saber/project/my_ml_service/backend/server/server/__pycache__/urls.cpython-37.pyc; root: file:///home/saber/project/my_ml_service; mapped root: null 
2022-12-29 09:58:10,866 [1950034]   WARN - a.repo.GitUntrackedFilesHolder - Ignoring untracked file under another root: /home/saber/project/my_ml_service/backend/server/server/__pycache__/wsgi.cpython-37.pyc; root: file:///home/saber/project/my_ml_service; mapped root: null 
2022-12-29 10:08:07,478 [2546646]   WARN - a.repo.GitUntrackedFilesHolder - Ignoring untracked file under another root: /home/saber/project/my_ml_service/backend/server/apps/ml/__pycache__/tests.cpython-37.pyc; root: file:///home/saber/project/my_ml_service; mapped root: null 
2022-12-29 10:08:07,478 [2546646]   WARN - a.repo.GitUntrackedFilesHolder - Ignoring untracked file under another root: /home/saber/project/my_ml_service/backend/server/server/__pycache__/__init__.cpython-37.pyc; root: file:///home/saber/project/my_ml_service; mapped root: null 
2022-12-29 10:08:07,478 [2546646]   WARN - a.repo.GitUntrackedFilesHolder - Ignoring untracked file under another root: /home/saber/project/my_ml_service/backend/server/server/__pycache__/settings.cpython-37.pyc; root: file:///home/saber/project/my_ml_service; mapped root: null 
2022-12-29 10:08:07,478 [2546646]   WARN - a.repo.GitUntrackedFilesHolder - Ignoring untracked file under another root: /home/saber/project/my_ml_service/backend/server/server/__pycache__/urls.cpython-37.pyc; root: file:///home/saber/project/my_ml_service; mapped root: null 
2022-12-29 10:08:07,478 [2546646]   WARN - a.repo.GitUntrackedFilesHolder - Ignoring untracked file under another root: /home/saber/project/my_ml_service/backend/server/apps/ml/__pycache__/__init__.cpython-37.pyc; root: file:///home/saber/project/my_ml_service; mapped root: null 
2022-12-29 10:08:07,479 [2546647]   WARN - a.repo.GitUntrackedFilesHolder - Ignoring untracked file under another root: /home/saber/project/my_ml_service/backend/server/server/__pycache__/wsgi.cpython-37.pyc; root: file:///home/saber/project/my_ml_service; mapped root: null 
2022-12-29 10:08:07,479 [2546647]   WARN - a.repo.GitUntrackedFilesHolder - Ignoring untracked file under another root: /home/saber/project/my_ml_service/backend/server/apps/ml/income_classifier/__pycache__/random_forest.cpython-37.pyc; root: file:///home/saber/project/my_ml_service; mapped root: null 
2022-12-29 10:32:59,308 [4038476]   WARN - a.repo.GitUntrackedFilesHolder - Ignoring untracked file under another root: /home/saber/project/my_ml_service/backend/server/server/__pycache__/__init__.cpython-37.pyc; root: file:///home/saber/project/my_ml_service; mapped root: null 
2022-12-29 10:32:59,309 [4038477]   WARN - a.repo.GitUntrackedFilesHolder - Ignoring untracked file under another root: /home/saber/project/my_ml_service/backend/server/server/__pycache__/settings.cpython-37.pyc; root: file:///home/saber/project/my_ml_service; mapped root: null 
2022-12-29 10:32:59,309 [4038477]   WARN - a.repo.GitUntrackedFilesHolder - Ignoring untracked file under another root: /home/saber/project/my_ml_service/backend/server/server/__pycache__/urls.cpython-37.pyc; root: file:///home/saber/project/my_ml_service; mapped root: null 
2022-12-29 10:32:59,309 [4038477]   WARN - a.repo.GitUntrackedFilesHolder - Ignoring untracked file under another root: /home/saber/project/my_ml_service/backend/server/server/__pycache__/wsgi.cpython-37.pyc; root: file:///home/saber/project/my_ml_service; mapped root: null 
2022-12-29 11:07:47,612 [6126780]   WARN - a.repo.GitUntrackedFilesHolder - Ignoring untracked file under another root: /home/saber/project/my_ml_service/backend/server/apps/endpoints/__pycache__/tests.cpython-37.pyc; root: file:///home/saber/project/my_ml_service; mapped root: null 
2022-12-29 11:07:47,612 [6126780]   WARN - a.repo.GitUntrackedFilesHolder - Ignoring untracked file under another root: /home/saber/project/my_ml_service/backend/server/server/__pycache__/__init__.cpython-37.pyc; root: file:///home/saber/project/my_ml_service; mapped root: null 
2022-12-29 11:07:47,612 [6126780]   WARN - a.repo.GitUntrackedFilesHolder - Ignoring untracked file under another root: /home/saber/project/my_ml_service/backend/server/server/__pycache__/settings.cpython-37.pyc; root: file:///home/saber/project/my_ml_service; mapped root: null 
2022-12-29 11:07:47,612 [6126780]   WARN - a.repo.GitUntrackedFilesHolder - Ignoring untracked file under another root: /home/saber/project/my_ml_service/backend/server/server/__pycache__/urls.cpython-37.pyc; root: file:///home/saber/project/my_ml_service; mapped root: null 
2022-12-29 11:07:47,612 [6126780]   WARN - a.repo.GitUntrackedFilesHolder - Ignoring untracked file under another root: /home/saber/project/my_ml_service/backend/server/server/__pycache__/wsgi.cpython-37.pyc; root: file:///home/saber/project/my_ml_service; mapped root: null 
2022-12-29 11:09:05,855 [6205023]   WARN - a.repo.GitUntrackedFilesHolder - Ignoring untracked file under another root: /home/saber/project/my_ml_service/backend/server/apps/endpoints/__pycache__/tests.cpython-37.pyc; root: file:///home/saber/project/my_ml_service; mapped root: null 
2022-12-29 11:09:05,855 [6205023]   WARN - a.repo.GitUntrackedFilesHolder - Ignoring untracked file under another root: /home/saber/project/my_ml_service/backend/server/server/__pycache__/__init__.cpython-37.pyc; root: file:///home/saber/project/my_ml_service; mapped root: null 
2022-12-29 11:09:05,855 [6205023]   WARN - a.repo.GitUntrackedFilesHolder - Ignoring untracked file under another root: /home/saber/project/my_ml_service/backend/server/server/__pycache__/settings.cpython-37.pyc; root: file:///home/saber/project/my_ml_service; mapped root: null 
2022-12-29 11:09:05,855 [6205023]   WARN - a.repo.GitUntrackedFilesHolder - Ignoring untracked file under another root: /home/saber/project/my_ml_service/backend/server/server/__pycache__/urls.cpython-37.pyc; root: file:///home/saber/project/my_ml_service; mapped root: null 
2022-12-29 11:09:05,855 [6205023]   WARN - a.repo.GitUntrackedFilesHolder - Ignoring untracked file under another root: /home/saber/project/my_ml_service/backend/server/server/__pycache__/wsgi.cpython-37.pyc; root: file:///home/saber/project/my_ml_service; mapped root: null 
